Build started 7/17/2015 4:49:39 PM.
     1>Project "I:\projects\VSPlot\setup\src\demo\plot_plugin_client\plot_plugin_client.vcxproj" on node 2 (build target(s)).
     1>InitializeBuildStatus:
         Creating "Debug\plot_plugin_client.unsuccessfulbuild" because "AlwaysCreate" was specified.
       ClCompile:
         C:\Program Files\Microsoft Visual Studio 10.0\VC\bin\CL.exe /c /ZI /nologo /W3 /WX- /Od /Oy- /D WIN32 /D _DEBUG /D _CONSOLE /D _UNICODE /D UNICODE /Gm /EHsc /RTC1 /MDd /GS /fp:precise /Zc:wchar_t /Zc:forScope /Fo"Debug\\" /Fd"Debug\vc100.pdb" /Gd /TP /analyze- /errorReport:prompt plot_plugin_demo.cpp
         plot_plugin_demo.cpp
     1>i:\projects\vsplot\setup\src\demo\plot_plugin_client\plot_plugin_demo.cpp(91): warning C4244: 'initializing' : conversion from 'const float' to 'unsigned int', possible loss of data
     1>i:\projects\vsplot\setup\src\demo\plot_plugin_client\plot_plugin_demo.cpp(100): warning C4244: 'initializing' : conversion from 'double' to 'const float', possible loss of data
                 i:\projects\vsplot\setup\src\demo\plot_plugin_client\plot_plugin_demo.cpp(156) : see reference to function template instantiation 'T *normal_dst<float>(double,double,int)' being compiled
                 with
                 [
                     T=float
                 ]
     1>i:\projects\vsplot\setup\src\demo\plot_plugin_client\plot_plugin_demo.cpp(102): warning C4244: '=' : conversion from 'double' to 'float', possible loss of data
       ManifestResourceCompile:
         All outputs are up-to-date.
       Link:
         C:\Program Files\Microsoft Visual Studio 10.0\VC\bin\link.exe /ERRORREPORT:PROMPT /OUT:"I:\projects\VSPlot\setup\src\demo\Debug\plot_plugin_client.exe" /INCREMENTAL /NOLOGO kernel32.lib user32.lib gdi32.lib winspool.lib comdlg32.lib advapi32.lib shell32.lib ole32.lib oleaut32.lib uuid.lib odbc32.lib odbccp32.lib /MANIFEST /ManifestFile:"Debug\plot_plugin_client.exe.intermediate.manifest" /MANIFESTUAC:"level='asInvoker' uiAccess='false'" /DEBUG /PDB:"I:\projects\VSPlot\setup\src\demo\Debug\plot_plugin_client.pdb" /SUBSYSTEM:CONSOLE /TLBID:1 /DYNAMICBASE /NXCOMPAT /IMPLIB:"I:\projects\VSPlot\setup\src\demo\Debug\plot_plugin_client.lib" /MACHINE:X86 Debug\plot_plugin_client.exe.embed.manifest.res
         Debug\main.obj
         Debug\plot_plugin_demo.obj
       Manifest:
         C:\Program Files\Microsoft SDKs\Windows\v7.0A\bin\mt.exe /nologo /verbose /out:"Debug\plot_plugin_client.exe.embed.manifest" /manifest Debug\plot_plugin_client.exe.intermediate.manifest
         All outputs are up-to-date.
       LinkEmbedManifest:
         All outputs are up-to-date.
         plot_plugin_client.vcxproj -> I:\projects\VSPlot\setup\src\demo\Debug\plot_plugin_client.exe
       FinalizeBuildStatus:
         Deleting file "Debug\plot_plugin_client.unsuccessfulbuild".
         Touching "Debug\plot_plugin_client.lastbuildstate".
     1>Done Building Project "I:\projects\VSPlot\setup\src\demo\plot_plugin_client\plot_plugin_client.vcxproj" (build target(s)).

Build succeeded.

Time Elapsed 00:00:00.96
